
=== Client Debug Log Started: Mon Jul 14 18:04:04 2025

=== Client Debug Log Started: Mon Jul 14 18:04:04 2025
[DEBUG] Registering with username: 'testuser1' password: 'password123'
[DEBUG] Username raw bytes: 74 65 73 74 75 73 65 72 31 
[DEBUG] Password raw bytes: 70 61 73 73 77 6F 72 64 31 32 33 

=== Client Debug Log Started: Mon Jul 14 18:04:19 2025
[DEBUG] Logging in with username: 'test' password: 'test'

=== Client Debug Log Started: Mon Jul 14 18:04:34 2025
[DEBUG] Logging in with username: 'test' password: 'test'

=== Client Debug Log Started: Mon Jul 14 18:20:50 2025

=== Client Debug Log Started: Mon Jul 14 18:20:50 2025
[DEBUG] Registering with username: 'test' password: 'test'
[DEBUG] Username raw bytes: 74 65 73 74 
[DEBUG] Password raw bytes: 74 65 73 74 

=== Client Debug Log Started: Mon Jul 14 18:21:00 2025
[DEBUG] Logging in with username: 'test' password: 'test'

=== Client Debug Log Started: Mon Jul 14 18:21:10 2025
[DEBUG] Logging in with username: 'test' password: 'test'

=== Client Debug Log Started: Mon Jul 14 18:21:25 2025
[DEBUG] Logging in with username: 'test' password: 'test'

=== Client Debug Log Started: Mon Jul 14 18:21:40 2025
[DEBUG] Logging in with username: 'test' password: 'test'

=== Client Debug Log Started: Mon Jul 14 18:21:46 2025

=== Client Debug Log Started: Mon Jul 14 18:21:48 2025

=== Client Debug Log Started: Mon Jul 14 18:21:48 2025

=== Client Debug Log Started: Mon Jul 14 18:21:48 2025

=== Client Debug Log Started: Mon Jul 14 18:21:48 2025

=== Client Debug Log Started: Mon Jul 14 18:21:48 2025

=== Client Debug Log Started: Mon Jul 14 18:21:48 2025

=== Client Debug Log Started: Mon Jul 14 18:21:48 2025

=== Client Debug Log Started: Mon Jul 14 18:21:48 2025

=== Client Debug Log Started: Mon Jul 14 18:21:51 2025

=== Client Debug Log Started: Mon Jul 14 18:21:51 2025

=== Client Debug Log Started: Mon Jul 14 18:21:51 2025

=== Client Debug Log Started: Mon Jul 14 18:23:02 2025

=== Client Debug Log Started: Mon Jul 14 18:23:02 2025
[DEBUG] Registering with username: 'test' password: 'test'
[DEBUG] Username raw bytes: 74 65 73 74 
[DEBUG] Password raw bytes: 74 65 73 74 

=== Client Debug Log Started: Mon Jul 14 18:23:12 2025
[DEBUG] Logging in with username: 'test' password: 'test'

=== Client Debug Log Started: Mon Jul 14 18:23:22 2025
[DEBUG] Logging in with username: 'test' password: 'test'

=== Client Debug Log Started: Mon Jul 14 18:23:37 2025
[DEBUG] Logging in with username: 'test' password: 'test'

=== Client Debug Log Started: Mon Jul 14 18:23:52 2025
[DEBUG] Logging in with username: 'test' password: 'test'

=== Client Debug Log Started: Mon Jul 14 18:23:55 2025
[DEBUG] Logging in with username: 'test' password: 'test'

=== Client Debug Log Started: Mon Jul 14 18:23:57 2025
[DEBUG] Logging in with username: 'test' password: 'test'

=== Client Debug Log Started: Mon Jul 14 18:24:27 2025
[DEBUG] Logging in with username: 'test' password: 'test'

=== Client Debug Log Started: Mon Jul 14 18:24:47 2025
[DEBUG] Logging in with username: 'test' password: 'test'

=== Client Debug Log Started: Mon Jul 14 18:35:56 2025
[DEBUG] Registering with username: 'test' password: 'test'
[DEBUG] Username raw bytes: 74 65 73 74 
[DEBUG] Password raw bytes: 74 65 73 74 

=== Client Debug Log Started: Mon Jul 14 18:45:06 2025

=== Client Debug Log Started: Mon Jul 14 18:45:06 2025
[DEBUG] Registering with username: 'test' password: 'test'
[DEBUG] Username raw bytes: 74 65 73 74 
[DEBUG] Password raw bytes: 74 65 73 74 
[DEBUG] Registering with username: '2' password: 'test'
[DEBUG] Username raw bytes: 32 
[DEBUG] Password raw bytes: 74 65 73 74 

=== Client Debug Log Started: Mon Jul 14 18:45:16 2025
[DEBUG] Logging in with username: 'test' password: 'test'

=== Client Debug Log Started: Mon Jul 14 18:45:16 2025
[DEBUG] Logging in with username: 'test' password: 'test'

=== Client Debug Log Started: Mon Jul 14 18:45:18 2025
[DEBUG] Registering with username: 'player2' password: 'test'
[DEBUG] Username raw bytes: 70 6C 61 79 65 72 32 
[DEBUG] Password raw bytes: 74 65 73 74 
[DEBUG] Logging in with username: 'player2' password: 'test'

=== Client Debug Log Started: Mon Jul 14 18:49:30 2025

=== Client Debug Log Started: Mon Jul 14 18:49:30 2025
[DEBUG] Registering with username: 'test' password: 'test'
[DEBUG] Username raw bytes: 74 65 73 74 
[DEBUG] Password raw bytes: 74 65 73 74 

=== Client Debug Log Started: Mon Jul 14 19:17:36 2025

=== Client Debug Log Started: Mon Jul 14 19:21:49 2025
[DEBUG] Registering with username: 'random' password: 'Anime@20'
[DEBUG] Username raw bytes: 72 61 6E 64 6F 6D 
[DEBUG] Password raw bytes: 41 6E 69 6D 65 40 32 30 
[DEBUG] Registering with username: 'abc' password: 'abc'
[DEBUG] Username raw bytes: 61 62 63 
[DEBUG] Password raw bytes: 61 62 63 
[DEBUG] Logging in with username: 'abc' password: 'abc'

=== Client Debug Log Started: Mon Jul 14 19:22:43 2025
[DEBUG] Logging in with username: 'abc' password: 'abc'

=== Client Debug Log Started: Mon Jul 14 19:25:02 2025
[DEBUG] Logging in with username: 'abc' password: 'abc'

=== Client Debug Log Started: Mon Jul 14 19:28:15 2025
[DEBUG] Logging in with username: 'abc' password: 'abc'

=== Client Debug Log Started: Mon Jul 14 22:29:19 2025
[DEBUG] Registering with username: 'randoom' password: 'randoom'
[DEBUG] Username raw bytes: 72 61 6E 64 6F 6F 6D 
[DEBUG] Password raw bytes: 72 61 6E 64 6F 6F 6D 
[DEBUG] Registering with username: 'randoom' password: 'randoom'
[DEBUG] Username raw bytes: 72 61 6E 64 6F 6F 6D 
[DEBUG] Password raw bytes: 72 61 6E 64 6F 6F 6D 
[DEBUG] Logging in with username: 'randoom' password: 'randoom'

=== Client Debug Log Started: Mon Jul 14 22:30:42 2025
[DEBUG] Registering with username: 'player' password: 'player'
[DEBUG] Username raw bytes: 70 6C 61 79 65 72 
[DEBUG] Password raw bytes: 70 6C 61 79 65 72 

=== Client Debug Log Started: Mon Jul 14 22:34:00 2025

=== Client Debug Log Started: Mon Jul 14 22:35:20 2025
[DEBUG] Registering with username: 'regex' password: 'regex'
[DEBUG] Username raw bytes: 72 65 67 65 78 
[DEBUG] Password raw bytes: 72 65 67 65 78 
[DEBUG] Logging in with username: 'regex' password: 'regex'

=== Client Debug Log Started: Mon Jul 14 22:38:03 2025

=== Client Debug Log Started: Mon Jul 14 22:39:01 2025
[DEBUG] Registering with username: 'ganja' password: 'ganja'
[DEBUG] Username raw bytes: 67 61 6E 6A 61 
[DEBUG] Password raw bytes: 67 61 6E 6A 61 
[DEBUG] Logging in with username: 'ganja' password: 'ganja'
